<?xml version="1.0" encoding="UTF-8"?>
<!-- Generated by org.testng.reporters.JUnitReportReporter -->
<testsuite hostname="user-PC" failures="0" tests="2" name="com.inetBanking.testCases.TC_006_DeleteCustomer" time="31.501" errors="1" timestamp="2021-05-11T20:13:54 IST" skipped="1">
  <testcase classname="com.inetBanking.testCases.TC_006_DeleteCustomer" name="deleteCustomer" time="0.000">
    <skipped/>
  </testcase> <!-- deleteCustomer -->
  <system-out/>
  <testcase classname="com.inetBanking.testCases.TC_006_DeleteCustomer" name="setUp" time="31.501">
    <error message="session not created
from disconnected: received Inspector.detached event
  (Session info: chrome=90.0.4430.93)
Build info: version: &#039;3.141.59&#039;, revision: &#039;e82be7d358&#039;, time: &#039;2018-11-14T08:17:03&#039;
System info: host: &#039;USER-PC&#039;, ip: &#039;192.168.1.6&#039;, os.name: &#039;Windows 7&#039;, os.arch: &#039;amd64&#039;, os.version: &#039;6.1&#039;, java.version: &#039;15.0.1&#039;
Driver info: driver.version: ChromeDriver
remote stacktrace: Backtrace:
	Ordinal0 [0x00AAC013+2474003]
	Ordinal0 [0x00A429C1+2042305]
	Ordinal0 [0x00952F68+1060712]
	Ordinal0 [0x00946214+1008148]
	Ordinal0 [0x009456E3+1005283]
	Ordinal0 [0x00944258+1000024]
	Ordinal0 [0x00943DA5+998821]
	Ordinal0 [0x0094F164+1044836]
	Ordinal0 [0x00943D31+998705]
	Ordinal0 [0x00944FAF+1003439]
	Ordinal0 [0x00944258+1000024]
	Ordinal0 [0x00943DA5+998821]
	Ordinal0 [0x0094CDDA+1035738]
	Ordinal0 [0x00943D31+998705]
	Ordinal0 [0x00944FAF+1003439]
	Ordinal0 [0x00944258+1000024]
	Ordinal0 [0x00943DA5+998821]
	Ordinal0 [0x0094A929+1026345]
	Ordinal0 [0x00943D31+998705]
	Ordinal0 [0x00944FAF+1003439]
	Ordinal0 [0x00944258+1000024]
	Ordinal0 [0x00943DA5+998821]
	Ordinal0 [0x00949DBC+1023420]
	Ordinal0 [0x00943D31+998705]
	Ordinal0 [0x00944FAF+1003439]
	Ordinal0 [0x00944258+1000024]
	Ordinal0 [0x00943DA5+998821]
	Ordinal0 [0x0093FA5D+981597]
	Ordinal0 [0x00943D31+998705]
	Ordinal0 [0x00943A85+998021]
	Ordinal0 [0x00943829+997417]
	Ordinal0 [0x00954090+1065104]
	Ordinal0 [0x0099B798+1357720]
	Ordinal0 [0x00998FAA+1347498]
	Ordinal0 [0x009966DB+1337051]
	Ordinal0 [0x00973427+1192999]
	Ordinal0 [0x009742EE+1196782]
	Ordinal0 [0x00974279+1196665]
	GetHandleVerifier [0x00C396FC+1590332]
	GetHandleVerifier [0x00CE8614+2306900]
	GetHandleVerifier [0x00B39E93+543699]
	GetHandleVerifier [0x00B392CE+540686]
	Ordinal0 [0x00A486BA+2066106]
	Ordinal0 [0x00A4D1C8+2085320]
	Ordinal0 [0x00A4D308+2085640]
	Ordinal0 [0x00A567F3+2123763]
	BaseThreadInitThunk [0x74DB33CA+18]
	RtlInitializeExceptionChain [0x770E9ED2+99]
	RtlInitializeExceptionChain [0x770E9EA5+54]
" type="org.openqa.selenium.SessionNotCreatedException">
      <![CDATA[org.openqa.selenium.SessionNotCreatedException: session not created
from disconnected: received Inspector.detached event
  (Session info: chrome=90.0.4430.93)
Build info: version: '3.141.59', revision: 'e82be7d358', time: '2018-11-14T08:17:03'
System info: host: 'USER-PC', ip: '192.168.1.6', os.name: 'Windows 7', os.arch: 'amd64', os.version: '6.1', java.version: '15.0.1'
Driver info: driver.version: ChromeDriver
remote stacktrace: Backtrace:
Ordinal0 [0x00AAC013+2474003]
Ordinal0 [0x00A429C1+2042305]
Ordinal0 [0x00952F68+1060712]
Ordinal0 [0x00946214+1008148]
Ordinal0 [0x009456E3+1005283]
Ordinal0 [0x00944258+1000024]
Ordinal0 [0x00943DA5+998821]
Ordinal0 [0x0094F164+1044836]
Ordinal0 [0x00943D31+998705]
Ordinal0 [0x00944FAF+1003439]
Ordinal0 [0x00944258+1000024]
Ordinal0 [0x00943DA5+998821]
Ordinal0 [0x0094CDDA+1035738]
Ordinal0 [0x00943D31+998705]
Ordinal0 [0x00944FAF+1003439]
Ordinal0 [0x00944258+1000024]
Ordinal0 [0x00943DA5+998821]
Ordinal0 [0x0094A929+1026345]
Ordinal0 [0x00943D31+998705]
Ordinal0 [0x00944FAF+1003439]
Ordinal0 [0x00944258+1000024]
Ordinal0 [0x00943DA5+998821]
Ordinal0 [0x00949DBC+1023420]
Ordinal0 [0x00943D31+998705]
Ordinal0 [0x00944FAF+1003439]
Ordinal0 [0x00944258+1000024]
Ordinal0 [0x00943DA5+998821]
Ordinal0 [0x0093FA5D+981597]
Ordinal0 [0x00943D31+998705]
Ordinal0 [0x00943A85+998021]
Ordinal0 [0x00943829+997417]
Ordinal0 [0x00954090+1065104]
Ordinal0 [0x0099B798+1357720]
Ordinal0 [0x00998FAA+1347498]
Ordinal0 [0x009966DB+1337051]
Ordinal0 [0x00973427+1192999]
Ordinal0 [0x009742EE+1196782]
Ordinal0 [0x00974279+1196665]
GetHandleVerifier [0x00C396FC+1590332]
GetHandleVerifier [0x00CE8614+2306900]
GetHandleVerifier [0x00B39E93+543699]
GetHandleVerifier [0x00B392CE+540686]
Ordinal0 [0x00A486BA+2066106]
Ordinal0 [0x00A4D1C8+2085320]
Ordinal0 [0x00A4D308+2085640]
Ordinal0 [0x00A567F3+2123763]
BaseThreadInitThunk [0x74DB33CA+18]
RtlInitializeExceptionChain [0x770E9ED2+99]
RtlInitializeExceptionChain [0x770E9EA5+54]

at java.base/jdk.internal.reflect.NativeConstructorAccessorImpl.newInstance0(Native Method)
at java.base/jdk.internal.reflect.NativeConstructorAccessorImpl.newInstance(NativeConstructorAccessorImpl.java:64)
at java.base/jdk.internal.reflect.DelegatingConstructorAccessorImpl.newInstance(DelegatingConstructorAccessorImpl.java:45)
at java.base/java.lang.reflect.Constructor.newInstanceWithCaller(Constructor.java:500)
at java.base/java.lang.reflect.Constructor.newInstance(Constructor.java:481)
at org.openqa.selenium.remote.W3CHandshakeResponse.lambda$errorHandler$0(W3CHandshakeResponse.java:62)
at org.openqa.selenium.remote.HandshakeResponse.lambda$getResponseFunction$0(HandshakeResponse.java:30)
at org.openqa.selenium.remote.ProtocolHandshake.lambda$createSession$0(ProtocolHandshake.java:126)
at java.base/java.util.stream.ReferencePipeline$3$1.accept(ReferencePipeline.java:195)
at java.base/java.util.Spliterators$ArraySpliterator.tryAdvance(Spliterators.java:958)
at java.base/java.util.stream.ReferencePipeline.forEachWithCancel(ReferencePipeline.java:127)
at java.base/java.util.stream.AbstractPipeline.copyIntoWithCancel(AbstractPipeline.java:502)
at java.base/java.util.stream.AbstractPipeline.copyInto(AbstractPipeline.java:488)
at java.base/java.util.stream.AbstractPipeline.wrapAndCopyInto(AbstractPipeline.java:474)
at java.base/java.util.stream.FindOps$FindOp.evaluateSequential(FindOps.java:150)
at java.base/java.util.stream.AbstractPipeline.evaluate(AbstractPipeline.java:234)
at java.base/java.util.stream.ReferencePipeline.findFirst(ReferencePipeline.java:543)
at org.openqa.selenium.remote.ProtocolHandshake.createSession(ProtocolHandshake.java:128)
at org.openqa.selenium.remote.ProtocolHandshake.createSession(ProtocolHandshake.java:74)
at org.openqa.selenium.remote.HttpCommandExecutor.execute(HttpCommandExecutor.java:136)
at org.openqa.selenium.remote.service.DriverCommandExecutor.execute(DriverCommandExecutor.java:83)
at org.openqa.selenium.remote.RemoteWebDriver.execute(RemoteWebDriver.java:552)
at org.openqa.selenium.remote.RemoteWebDriver.startSession(RemoteWebDriver.java:213)
at org.openqa.selenium.remote.RemoteWebDriver.<init>(RemoteWebDriver.java:131)
at org.openqa.selenium.chrome.ChromeDriver.<init>(ChromeDriver.java:181)
at org.openqa.selenium.chrome.ChromeDriver.<init>(ChromeDriver.java:168)
at org.openqa.selenium.chrome.ChromeDriver.<init>(ChromeDriver.java:123)
at com.inetBanking.testCases.BaseClass.setUp(BaseClass.java:57)
at java.base/jdk.internal.reflect.NativeMethodAccessorImpl.invoke0(Native Method)
at java.base/jdk.internal.reflect.NativeMethodAccessorImpl.invoke(NativeMethodAccessorImpl.java:64)
at java.base/jdk.internal.reflect.DelegatingMethodAccessorImpl.invoke(DelegatingMethodAccessorImpl.java:43)
at java.base/java.lang.reflect.Method.invoke(Method.java:564)
at org.testng.internal.MethodInvocationHelper.invokeMethod(MethodInvocationHelper.java:132)
at org.testng.internal.MethodInvocationHelper.invokeMethodConsideringTimeout(MethodInvocationHelper.java:61)
at org.testng.internal.ConfigInvoker.invokeConfigurationMethod(ConfigInvoker.java:366)
at org.testng.internal.ConfigInvoker.invokeConfigurations(ConfigInvoker.java:320)
at org.testng.internal.TestMethodWorker.invokeBeforeClassMethods(TestMethodWorker.java:176)
at org.testng.internal.TestMethodWorker.run(TestMethodWorker.java:122)
at java.base/java.util.ArrayList.forEach(ArrayList.java:1511)
at org.testng.TestRunner.privateRun(TestRunner.java:764)
at org.testng.TestRunner.run(TestRunner.java:585)
at org.testng.SuiteRunner.runTest(SuiteRunner.java:384)
at org.testng.SuiteRunner.runSequentially(SuiteRunner.java:378)
at org.testng.SuiteRunner.privateRun(SuiteRunner.java:337)
at org.testng.SuiteRunner.run(SuiteRunner.java:286)
at org.testng.SuiteRunnerWorker.runSuite(SuiteRunnerWorker.java:53)
at org.testng.SuiteRunnerWorker.run(SuiteRunnerWorker.java:96)
at org.testng.TestNG.runSuitesSequentially(TestNG.java:1218)
at org.testng.TestNG.runSuitesLocally(TestNG.java:1140)
at org.testng.TestNG.runSuites(TestNG.java:1069)
at org.testng.TestNG.run(TestNG.java:1037)
at org.testng.remote.AbstractRemoteTestNG.run(AbstractRemoteTestNG.java:115)
at org.testng.remote.RemoteTestNG.initAndRun(RemoteTestNG.java:251)
at org.testng.remote.RemoteTestNG.main(RemoteTestNG.java:77)
]]>
    </error>
  </testcase> <!-- setUp -->
  <system-out/>
</testsuite> <!-- com.inetBanking.testCases.TC_006_DeleteCustomer -->
